2024-07-19T15:23:25.057+05:30  INFO 42516 --- [main] c.a.jwt_oauth2.JwtOauth2Application      : Starting JwtOauth2Application using Java 21.0.2 with PID 42516 (C:\Users\deepa\Downloads\jwt-oauth2\build\classes\java\main started by deepa in C:\Users\deepa\Downloads\jwt-oauth2)
2024-07-19T15:23:25.060+05:30  INFO 42516 --- [main] c.a.jwt_oauth2.JwtOauth2Application      : No active profile set, falling back to 1 default profile: "default"
2024-07-19T15:23:26.224+05:30  INFO 42516 --- [main] .s.d.r.c.RepositoryConfigurationDelegate : Bootstrapping Spring Data JPA repositories in DEFAULT mode.
2024-07-19T15:23:26.340+05:30  INFO 42516 --- [main] .s.d.r.c.RepositoryConfigurationDelegate : Finished Spring Data repository scanning in 110 ms. Found 3 JPA repository interfaces.
2024-07-19T15:23:27.225+05:30  INFO 42516 --- [main] o.s.b.w.embedded.tomcat.TomcatWebServer  : Tomcat initialized with port 8080 (http)
2024-07-19T15:23:27.255+05:30  INFO 42516 --- [main] o.apache.catalina.core.StandardService   : Starting service [Tomcat]
2024-07-19T15:23:27.255+05:30  INFO 42516 --- [main] o.apache.catalina.core.StandardEngine    : Starting Servlet engine: [Apache Tomcat/10.1.25]
2024-07-19T15:23:27.336+05:30  INFO 42516 --- [main] o.a.c.c.C.[Tomcat].[localhost].[/]       : Initializing Spring embedded WebApplicationContext
2024-07-19T15:23:27.340+05:30  INFO 42516 --- [main] w.s.c.ServletWebServerApplicationContext : Root WebApplicationContext: initialization completed in 2213 ms
2024-07-19T15:23:27.371+05:30  INFO 42516 --- [main] com.zaxxer.hikari.HikariDataSource       : HikariPool-1 - Starting...
2024-07-19T15:23:27.591+05:30  INFO 42516 --- [main] com.zaxxer.hikari.pool.HikariPool        : HikariPool-1 - Added connection conn0: url=jdbc:h2:mem:atquilDB user=SA
2024-07-19T15:23:27.591+05:30  INFO 42516 --- [main] com.zaxxer.hikari.HikariDataSource       : HikariPool-1 - Start completed.
2024-07-19T15:23:27.607+05:30  INFO 42516 --- [main] o.s.b.a.h2.H2ConsoleAutoConfiguration    : H2 console available at '/h2-console'. Database available at 'jdbc:h2:mem:atquilDB'
2024-07-19T15:23:27.761+05:30  INFO 42516 --- [main] o.hibernate.jpa.internal.util.LogHelper  : HHH000204: Processing PersistenceUnitInfo [name: default]
2024-07-19T15:23:27.858+05:30  INFO 42516 --- [main] org.hibernate.Version                    : HHH000412: Hibernate ORM core version 6.5.2.Final
2024-07-19T15:23:27.890+05:30  INFO 42516 --- [main] o.h.c.internal.RegionFactoryInitiator    : HHH000026: Second-level cache disabled
2024-07-19T15:23:28.291+05:30  INFO 42516 --- [main] o.s.o.j.p.SpringPersistenceUnitInfo      : No LoadTimeWeaver setup: ignoring JPA class transformer
2024-07-19T15:23:29.743+05:30  INFO 42516 --- [main] o.h.e.t.j.p.i.JtaPlatformInitiator       : HHH000489: No JTA platform available (set 'hibernate.transaction.jta.platform' to enable JTA platform integration)
2024-07-19T15:23:29.836+05:30  INFO 42516 --- [main] j.LocalContainerEntityManagerFactoryBean : Initialized JPA EntityManagerFactory for persistence unit 'default'
2024-07-19T15:23:30.625+05:30  INFO 42516 --- [main] o.s.d.j.r.query.QueryEnhancerFactory     : Hibernate is in classpath; If applicable, HQL parser will be used.
2024-07-19T15:23:31.295+05:30  WARN 42516 --- [main] JpaBaseConfiguration$JpaWebConfiguration : spring.jpa.open-in-view is enabled by default. Therefore, database queries may be performed during view rendering. Explicitly configure spring.jpa.open-in-view to disable this warning
2024-07-19T15:23:31.310+05:30  INFO 42516 --- [main] r$InitializeUserDetailsManagerConfigurer : Global AuthenticationManager configured with UserDetailsService bean with name userInfoManagerConfig
2024-07-19T15:23:31.690+05:30 ERROR 42516 --- [main] c.a.jwt_oauth2.config.SecurityConfig     : [SecurityConfig:apiSecurityFilterChain] Exception due to :org.springframework.security.config.annotation.web.configurers.ExceptionHandlingConfigurer@3dab9366
2024-07-19T15:23:31.740+05:30 ERROR 42516 --- [main] c.a.jwt_oauth2.config.SecurityConfig     : [SecurityConfig:refreshTokenSecurityFilterChain] Exception due to :org.springframework.security.config.annotation.web.configurers.ExceptionHandlingConfigurer@3a72160a
2024-07-19T15:23:31.742+05:30 ERROR 42516 --- [main] c.a.jwt_oauth2.config.SecurityConfig     : [SecurityConfig:logoutSecurityFilterChain] Exception due to :org.springframework.security.config.annotation.web.configurers.ExceptionHandlingConfigurer@6affbed1
2024-07-19T15:23:32.073+05:30  INFO 42516 --- [main] o.s.b.w.embedded.tomcat.TomcatWebServer  : Tomcat started on port 8080 (http) with context path '/'
2024-07-19T15:23:32.090+05:30  INFO 42516 --- [main] c.a.jwt_oauth2.JwtOauth2Application      : Started JwtOauth2Application in 7.598 seconds (process running for 8.207)
2024-07-19T15:24:32.540+05:30  INFO 42516 --- [http-nio-8080-exec-3] o.a.c.c.C.[Tomcat].[localhost].[/]       : Initializing Spring DispatcherServlet 'dispatcherServlet'
2024-07-19T15:24:32.564+05:30  INFO 42516 --- [http-nio-8080-exec-3] o.s.web.servlet.DispatcherServlet        : Initializing Servlet 'dispatcherServlet'
2024-07-19T15:24:32.753+05:30  INFO 42516 --- [http-nio-8080-exec-3] o.s.web.servlet.DispatcherServlet        : Completed initialization in 188 ms
2024-07-19T15:24:34.439+05:30  INFO 42516 --- [http-nio-8080-exec-3] c.atquil.jwt_oauth2.service.AuthService  : Authentication Object:UsernamePasswordAuthenticationToken [Principal=com.atquil.jwt_oauth2.config.userConfig.UserInfoConfig@65bacfe4, Credentials=[PROTECTED], Authenticated=true, Details=WebAuthenticationDetails [RemoteIpAddress=0:0:0:0:0:0:0:1, SessionId=null], Granted Authorities=[ROLE_MANAGER]]
2024-07-19T15:24:34.455+05:30  INFO 42516 --- [http-nio-8080-exec-3] c.atquil.jwt_oauth2.service.AuthService  : UserInfoEntity:Optional[UserInfoEntity{id=1, username='Manager,Email_Idmanager@manager.com,Password$2a$10$E/QNLTM8sGa9mntvJdfu7.1NxVNrRw5s/yhaOrsPktONhWmJOvSLW,RoleROLE_MANAGER'}]
2024-07-19T15:24:34.459+05:30  INFO 42516 --- [http-nio-8080-exec-3] c.atquil.jwt_oauth2.service.AuthService  : Username:manager@manager.com
2024-07-19T15:24:34.459+05:30  INFO 42516 --- [http-nio-8080-exec-3] c.atquil.jwt_oauth2.service.AuthService  : AuthenObj:UsernamePasswordAuthenticationToken [Principal=manager@manager.com, Credentials=[PROTECTED], Authenticated=true, Details=null, Granted Authorities=[ROLE_MANAGER]]
2024-07-19T15:24:34.459+05:30  INFO 42516 --- [http-nio-8080-exec-3] c.a.j.controller.AuthController          : Auth object:UsernamePasswordAuthenticationToken [Principal=manager@manager.com, Credentials=[PROTECTED], Authenticated=true, Details=null, Granted Authorities=[ROLE_MANAGER]]
2024-07-19T15:24:34.523+05:30  INFO 42516 --- [http-nio-8080-exec-3] com.atquil.jwt_oauth2.logClass.LogFile   : User manager@manager.com LOGIN is done!!!
2024-07-19T15:24:34.523+05:30  INFO 42516 --- [http-nio-8080-exec-3] com.atquil.jwt_oauth2.logClass.LogFile   : Login status Successfull
2024-07-19T15:24:34.523+05:30 DEBUG 42516 --- [http-nio-8080-exec-3] com.atquil.jwt_oauth2.logClass.LogFile   : user details :'Optional[UserInfoEntity{id=1, username='Manager,Email_Idmanager@manager.com,Password$2a$10$E/QNLTM8sGa9mntvJdfu7.1NxVNrRw5s/yhaOrsPktONhWmJOvSLW,RoleROLE_MANAGER'}]'
2024-07-19T15:24:34.673+05:30  INFO 42516 --- [http-nio-8080-exec-3] c.a.j.controller.AuthController          : User Log is created !!!
2024-07-19T15:24:34.675+05:30  INFO 42516 --- [http-nio-8080-exec-3] c.atquil.jwt_oauth2.service.AuthService  : ENTITY:Optional[UserInfoEntity{id=1, username='Manager,Email_Idmanager@manager.com,Password$2a$10$E/QNLTM8sGa9mntvJdfu7.1NxVNrRw5s/yhaOrsPktONhWmJOvSLW,RoleROLE_MANAGER'}]
2024-07-19T15:24:34.679+05:30  INFO 42516 --- [http-nio-8080-exec-3] c.atquil.jwt_oauth2.service.AuthService  : User Entity: UserInfoEntity{id=1, username='Manager,Email_Idmanager@manager.com,Password$2a$10$E/QNLTM8sGa9mntvJdfu7.1NxVNrRw5s/yhaOrsPktONhWmJOvSLW,RoleROLE_MANAGER'}
2024-07-19T15:24:34.682+05:30  INFO 42516 --- [http-nio-8080-exec-3] c.a.j.c.jwtConfig.JwtTokenGenerator      : [JwtTokenGenerator:generateAccessToken] Token Creation Started for:manager@manager.com
2024-07-19T15:24:35.074+05:30  INFO 42516 --- [http-nio-8080-exec-3] c.a.j.c.jwtConfig.JwtTokenGenerator      : [JwtTokenGenerator:generateRefreshToken] Token Creation Started for:manager@manager.com
2024-07-19T15:24:35.176+05:30  INFO 42516 --- [http-nio-8080-exec-3] c.atquil.jwt_oauth2.service.AuthService  : [AuthService:userSignInAuth] Access token for user:Manager, has been generated
2024-07-19T17:24:19.608+05:30  INFO 66692 --- [main] c.a.jwt_oauth2.JwtOauth2Application      : Starting JwtOauth2Application using Java 21.0.2 with PID 66692 (C:\Users\deepa\Downloads\jwt-oauth2\build\classes\java\main started by deepa in C:\Users\deepa\Downloads\jwt-oauth2)
2024-07-19T17:24:19.611+05:30  INFO 66692 --- [main] c.a.jwt_oauth2.JwtOauth2Application      : No active profile set, falling back to 1 default profile: "default"
2024-07-19T17:24:20.894+05:30  INFO 66692 --- [main] .s.d.r.c.RepositoryConfigurationDelegate : Bootstrapping Spring Data JPA repositories in DEFAULT mode.
2024-07-19T17:24:20.985+05:30  INFO 66692 --- [main] .s.d.r.c.RepositoryConfigurationDelegate : Finished Spring Data repository scanning in 81 ms. Found 3 JPA repository interfaces.
2024-07-19T17:24:21.951+05:30  INFO 66692 --- [main] o.s.b.w.embedded.tomcat.TomcatWebServer  : Tomcat initialized with port 8080 (http)
2024-07-19T17:24:21.970+05:30  INFO 66692 --- [main] o.apache.catalina.core.StandardService   : Starting service [Tomcat]
2024-07-19T17:24:21.970+05:30  INFO 66692 --- [main] o.apache.catalina.core.StandardEngine    : Starting Servlet engine: [Apache Tomcat/10.1.25]
2024-07-19T17:24:22.073+05:30  INFO 66692 --- [main] o.a.c.c.C.[Tomcat].[localhost].[/]       : Initializing Spring embedded WebApplicationContext
2024-07-19T17:24:22.073+05:30  INFO 66692 --- [main] w.s.c.ServletWebServerApplicationContext : Root WebApplicationContext: initialization completed in 2391 ms
2024-07-19T17:24:22.109+05:30  INFO 66692 --- [main] com.zaxxer.hikari.HikariDataSource       : HikariPool-1 - Starting...
2024-07-19T17:24:22.351+05:30  INFO 66692 --- [main] com.zaxxer.hikari.pool.HikariPool        : HikariPool-1 - Added connection conn0: url=jdbc:h2:mem:atquilDB user=SA
2024-07-19T17:24:22.354+05:30  INFO 66692 --- [main] com.zaxxer.hikari.HikariDataSource       : HikariPool-1 - Start completed.
2024-07-19T17:24:22.365+05:30  INFO 66692 --- [main] o.s.b.a.h2.H2ConsoleAutoConfiguration    : H2 console available at '/h2-console'. Database available at 'jdbc:h2:mem:atquilDB'
2024-07-19T17:24:22.538+05:30  INFO 66692 --- [main] o.hibernate.jpa.internal.util.LogHelper  : HHH000204: Processing PersistenceUnitInfo [name: default]
2024-07-19T17:24:22.616+05:30  INFO 66692 --- [main] org.hibernate.Version                    : HHH000412: Hibernate ORM core version 6.5.2.Final
2024-07-19T17:24:22.662+05:30  INFO 66692 --- [main] o.h.c.internal.RegionFactoryInitiator    : HHH000026: Second-level cache disabled
2024-07-19T17:24:23.086+05:30  INFO 66692 --- [main] o.s.o.j.p.SpringPersistenceUnitInfo      : No LoadTimeWeaver setup: ignoring JPA class transformer
2024-07-19T17:24:24.301+05:30  INFO 66692 --- [main] o.h.e.t.j.p.i.JtaPlatformInitiator       : HHH000489: No JTA platform available (set 'hibernate.transaction.jta.platform' to enable JTA platform integration)
2024-07-19T17:24:24.362+05:30  INFO 66692 --- [main] j.LocalContainerEntityManagerFactoryBean : Initialized JPA EntityManagerFactory for persistence unit 'default'
2024-07-19T17:24:24.776+05:30  INFO 66692 --- [main] o.s.d.j.r.query.QueryEnhancerFactory     : Hibernate is in classpath; If applicable, HQL parser will be used.
2024-07-19T17:24:25.961+05:30  WARN 66692 --- [main] JpaBaseConfiguration$JpaWebConfiguration : spring.jpa.open-in-view is enabled by default. Therefore, database queries may be performed during view rendering. Explicitly configure spring.jpa.open-in-view to disable this warning
2024-07-19T17:24:25.991+05:30  INFO 66692 --- [main] r$InitializeUserDetailsManagerConfigurer : Global AuthenticationManager configured with UserDetailsService bean with name userInfoManagerConfig
2024-07-19T17:24:26.356+05:30 ERROR 66692 --- [main] c.a.jwt_oauth2.config.SecurityConfig     : [SecurityConfig:apiSecurityFilterChain] Exception due to :org.springframework.security.config.annotation.web.configurers.ExceptionHandlingConfigurer@38ebf8dc
2024-07-19T17:24:26.401+05:30 ERROR 66692 --- [main] c.a.jwt_oauth2.config.SecurityConfig     : [SecurityConfig:refreshTokenSecurityFilterChain] Exception due to :org.springframework.security.config.annotation.web.configurers.ExceptionHandlingConfigurer@6b8773c7
2024-07-19T17:24:26.410+05:30 ERROR 66692 --- [main] c.a.jwt_oauth2.config.SecurityConfig     : [SecurityConfig:logoutSecurityFilterChain] Exception due to :org.springframework.security.config.annotation.web.configurers.ExceptionHandlingConfigurer@23e0ef68
2024-07-19T17:24:26.716+05:30  INFO 66692 --- [main] o.s.b.w.embedded.tomcat.TomcatWebServer  : Tomcat started on port 8080 (http) with context path '/'
2024-07-19T17:24:26.724+05:30  INFO 66692 --- [main] c.a.jwt_oauth2.JwtOauth2Application      : Started JwtOauth2Application in 7.68 seconds (process running for 8.252)
2024-07-19T17:26:12.315+05:30  INFO 57536 --- [main] c.a.jwt_oauth2.JwtOauth2Application      : Starting JwtOauth2Application using Java 21.0.2 with PID 57536 (C:\Users\deepa\Downloads\jwt-oauth2\build\classes\java\main started by deepa in C:\Users\deepa\Downloads\jwt-oauth2)
2024-07-19T17:26:12.315+05:30  INFO 57536 --- [main] c.a.jwt_oauth2.JwtOauth2Application      : No active profile set, falling back to 1 default profile: "default"
2024-07-19T17:26:13.430+05:30  INFO 57536 --- [main] .s.d.r.c.RepositoryConfigurationDelegate : Bootstrapping Spring Data JPA repositories in DEFAULT mode.
2024-07-19T17:26:13.497+05:30  INFO 57536 --- [main] .s.d.r.c.RepositoryConfigurationDelegate : Finished Spring Data repository scanning in 68 ms. Found 3 JPA repository interfaces.
2024-07-19T17:26:14.547+05:30  INFO 57536 --- [main] o.s.b.w.embedded.tomcat.TomcatWebServer  : Tomcat initialized with port 8080 (http)
2024-07-19T17:26:14.579+05:30  INFO 57536 --- [main] o.apache.catalina.core.StandardService   : Starting service [Tomcat]
2024-07-19T17:26:14.579+05:30  INFO 57536 --- [main] o.apache.catalina.core.StandardEngine    : Starting Servlet engine: [Apache Tomcat/10.1.25]
2024-07-19T17:26:14.662+05:30  INFO 57536 --- [main] o.a.c.c.C.[Tomcat].[localhost].[/]       : Initializing Spring embedded WebApplicationContext
2024-07-19T17:26:14.662+05:30  INFO 57536 --- [main] w.s.c.ServletWebServerApplicationContext : Root WebApplicationContext: initialization completed in 2247 ms
2024-07-19T17:26:14.695+05:30  INFO 57536 --- [main] com.zaxxer.hikari.HikariDataSource       : HikariPool-1 - Starting...
2024-07-19T17:26:14.945+05:30  INFO 57536 --- [main] com.zaxxer.hikari.pool.HikariPool        : HikariPool-1 - Added connection conn0: url=jdbc:h2:mem:atquilDB user=SA
2024-07-19T17:26:14.950+05:30  INFO 57536 --- [main] com.zaxxer.hikari.HikariDataSource       : HikariPool-1 - Start completed.
2024-07-19T17:26:14.962+05:30  INFO 57536 --- [main] o.s.b.a.h2.H2ConsoleAutoConfiguration    : H2 console available at '/h2-console'. Database available at 'jdbc:h2:mem:atquilDB'
2024-07-19T17:26:15.174+05:30  INFO 57536 --- [main] o.hibernate.jpa.internal.util.LogHelper  : HHH000204: Processing PersistenceUnitInfo [name: default]
2024-07-19T17:26:15.254+05:30  INFO 57536 --- [main] org.hibernate.Version                    : HHH000412: Hibernate ORM core version 6.5.2.Final
2024-07-19T17:26:15.302+05:30  INFO 57536 --- [main] o.h.c.internal.RegionFactoryInitiator    : HHH000026: Second-level cache disabled
2024-07-19T17:26:15.712+05:30  INFO 57536 --- [main] o.s.o.j.p.SpringPersistenceUnitInfo      : No LoadTimeWeaver setup: ignoring JPA class transformer
2024-07-19T17:26:17.029+05:30  INFO 57536 --- [main] o.h.e.t.j.p.i.JtaPlatformInitiator       : HHH000489: No JTA platform available (set 'hibernate.transaction.jta.platform' to enable JTA platform integration)
2024-07-19T17:26:17.095+05:30  INFO 57536 --- [main] j.LocalContainerEntityManagerFactoryBean : Initialized JPA EntityManagerFactory for persistence unit 'default'
2024-07-19T17:26:17.462+05:30  INFO 57536 --- [main] o.s.d.j.r.query.QueryEnhancerFactory     : Hibernate is in classpath; If applicable, HQL parser will be used.
2024-07-19T17:26:18.045+05:30  WARN 57536 --- [main] JpaBaseConfiguration$JpaWebConfiguration : spring.jpa.open-in-view is enabled by default. Therefore, database queries may be performed during view rendering. Explicitly configure spring.jpa.open-in-view to disable this warning
2024-07-19T17:26:18.062+05:30  INFO 57536 --- [main] r$InitializeUserDetailsManagerConfigurer : Global AuthenticationManager configured with UserDetailsService bean with name userInfoManagerConfig
2024-07-19T17:26:18.383+05:30 ERROR 57536 --- [main] c.a.jwt_oauth2.config.SecurityConfig     : [SecurityConfig:apiSecurityFilterChain] Exception due to :org.springframework.security.config.annotation.web.configurers.ExceptionHandlingConfigurer@7caa5387
2024-07-19T17:26:18.429+05:30 ERROR 57536 --- [main] c.a.jwt_oauth2.config.SecurityConfig     : [SecurityConfig:refreshTokenSecurityFilterChain] Exception due to :org.springframework.security.config.annotation.web.configurers.ExceptionHandlingConfigurer@76334a3a
2024-07-19T17:26:18.431+05:30 ERROR 57536 --- [main] c.a.jwt_oauth2.config.SecurityConfig     : [SecurityConfig:logoutSecurityFilterChain] Exception due to :org.springframework.security.config.annotation.web.configurers.ExceptionHandlingConfigurer@40f88929
2024-07-19T17:26:18.695+05:30  INFO 57536 --- [main] o.s.b.w.embedded.tomcat.TomcatWebServer  : Tomcat started on port 8080 (http) with context path '/'
2024-07-19T17:26:18.712+05:30  INFO 57536 --- [main] c.a.jwt_oauth2.JwtOauth2Application      : Started JwtOauth2Application in 7.083 seconds (process running for 7.844)
2024-07-19T17:26:36.203+05:30  INFO 57536 --- [http-nio-8080-exec-1] o.a.c.c.C.[Tomcat].[localhost].[/]       : Initializing Spring DispatcherServlet 'dispatcherServlet'
2024-07-19T17:26:36.206+05:30  INFO 57536 --- [http-nio-8080-exec-1] o.s.web.servlet.DispatcherServlet        : Initializing Servlet 'dispatcherServlet'
2024-07-19T17:26:36.218+05:30  INFO 57536 --- [http-nio-8080-exec-1] o.s.web.servlet.DispatcherServlet        : Completed initialization in 12 ms
2024-07-19T17:26:36.814+05:30  INFO 57536 --- [http-nio-8080-exec-1] c.atquil.jwt_oauth2.service.AuthService  : Authentication Object:UsernamePasswordAuthenticationToken [Principal=com.atquil.jwt_oauth2.config.userConfig.UserInfoConfig@1f69eb6d, Credentials=[PROTECTED], Authenticated=true, Details=WebAuthenticationDetails [RemoteIpAddress=0:0:0:0:0:0:0:1, SessionId=null], Granted Authorities=[ROLE_MANAGER]]
2024-07-19T17:26:36.821+05:30  INFO 57536 --- [http-nio-8080-exec-1] c.atquil.jwt_oauth2.service.AuthService  : UserInfoEntity:Optional[UserInfoEntity{id=1, username='Manager,Email_Idmanager@manager.com,Password$2a$10$hv4YDvwEOpJKrhT/.o0mZeTzlDGSh4GaZ1gUK82KRBmNvVWgx2lhy,RoleROLE_MANAGER'}]
2024-07-19T17:26:36.823+05:30  INFO 57536 --- [http-nio-8080-exec-1] c.atquil.jwt_oauth2.service.AuthService  : Username:manager@manager.com
2024-07-19T17:26:36.823+05:30  INFO 57536 --- [http-nio-8080-exec-1] c.atquil.jwt_oauth2.service.AuthService  : AuthenObj:UsernamePasswordAuthenticationToken [Principal=manager@manager.com, Credentials=[PROTECTED], Authenticated=true, Details=null, Granted Authorities=[ROLE_MANAGER]]
2024-07-19T17:26:36.825+05:30  INFO 57536 --- [http-nio-8080-exec-1] c.a.j.controller.AuthController          : Auth object:UsernamePasswordAuthenticationToken [Principal=manager@manager.com, Credentials=[PROTECTED], Authenticated=true, Details=null, Granted Authorities=[ROLE_MANAGER]]
2024-07-19T17:26:36.856+05:30  INFO 57536 --- [http-nio-8080-exec-1] com.atquil.jwt_oauth2.logClass.LogFile   : User manager@manager.com LOGIN is done!!!
2024-07-19T17:26:36.860+05:30  INFO 57536 --- [http-nio-8080-exec-1] com.atquil.jwt_oauth2.logClass.LogFile   : Login status Successfull
2024-07-19T17:26:36.860+05:30 DEBUG 57536 --- [http-nio-8080-exec-1] com.atquil.jwt_oauth2.logClass.LogFile   : user details :'Optional[UserInfoEntity{id=1, username='Manager,Email_Idmanager@manager.com,Password$2a$10$hv4YDvwEOpJKrhT/.o0mZeTzlDGSh4GaZ1gUK82KRBmNvVWgx2lhy,RoleROLE_MANAGER'}]'
2024-07-19T17:26:36.899+05:30  INFO 57536 --- [http-nio-8080-exec-1] c.a.j.controller.AuthController          : User Log is created !!!
2024-07-19T17:26:36.902+05:30  INFO 57536 --- [http-nio-8080-exec-1] c.atquil.jwt_oauth2.service.AuthService  : ENTITY:Optional[UserInfoEntity{id=1, username='Manager,Email_Idmanager@manager.com,Password$2a$10$hv4YDvwEOpJKrhT/.o0mZeTzlDGSh4GaZ1gUK82KRBmNvVWgx2lhy,RoleROLE_MANAGER'}]
2024-07-19T17:26:36.904+05:30  INFO 57536 --- [http-nio-8080-exec-1] c.atquil.jwt_oauth2.service.AuthService  : User Entity: UserInfoEntity{id=1, username='Manager,Email_Idmanager@manager.com,Password$2a$10$hv4YDvwEOpJKrhT/.o0mZeTzlDGSh4GaZ1gUK82KRBmNvVWgx2lhy,RoleROLE_MANAGER'}
2024-07-19T17:26:36.904+05:30  INFO 57536 --- [http-nio-8080-exec-1] c.a.j.c.jwtConfig.JwtTokenGenerator      : [JwtTokenGenerator:generateAccessToken] Token Creation Started for:manager@manager.com
2024-07-19T17:26:37.083+05:30  INFO 57536 --- [http-nio-8080-exec-1] c.a.j.c.jwtConfig.JwtTokenGenerator      : [JwtTokenGenerator:generateRefreshToken] Token Creation Started for:manager@manager.com
2024-07-19T17:26:37.140+05:30  INFO 57536 --- [http-nio-8080-exec-1] c.atquil.jwt_oauth2.service.AuthService  : [AuthService:userSignInAuth] Access token for user:Manager, has been generated
2024-07-19T17:27:37.421+05:30  INFO 57536 --- [http-nio-8080-exec-3] c.atquil.jwt_oauth2.service.AuthService  : Authentication Object:UsernamePasswordAuthenticationToken [Principal=com.atquil.jwt_oauth2.config.userConfig.UserInfoConfig@598e4a3, Credentials=[PROTECTED], Authenticated=true, Details=WebAuthenticationDetails [RemoteIpAddress=0:0:0:0:0:0:0:1, SessionId=null], Granted Authorities=[ROLE_MANAGER]]
2024-07-19T17:27:37.496+05:30  INFO 57536 --- [http-nio-8080-exec-3] c.atquil.jwt_oauth2.service.AuthService  : UserInfoEntity:Optional[UserInfoEntity{id=1, username='Manager,Email_Idmanager@manager.com,Password$2a$10$hv4YDvwEOpJKrhT/.o0mZeTzlDGSh4GaZ1gUK82KRBmNvVWgx2lhy,RoleROLE_MANAGER'}]
2024-07-19T17:27:37.502+05:30  INFO 57536 --- [http-nio-8080-exec-3] c.atquil.jwt_oauth2.service.AuthService  : Username:manager@manager.com
2024-07-19T17:27:37.504+05:30  INFO 57536 --- [http-nio-8080-exec-3] c.atquil.jwt_oauth2.service.AuthService  : AuthenObj:UsernamePasswordAuthenticationToken [Principal=manager@manager.com, Credentials=[PROTECTED], Authenticated=true, Details=null, Granted Authorities=[ROLE_MANAGER]]
2024-07-19T17:27:37.506+05:30  INFO 57536 --- [http-nio-8080-exec-3] c.a.j.controller.AuthController          : Auth object:UsernamePasswordAuthenticationToken [Principal=manager@manager.com, Credentials=[PROTECTED], Authenticated=true, Details=null, Granted Authorities=[ROLE_MANAGER]]
2024-07-19T17:27:37.908+05:30 ERROR 57536 --- [http-nio-8080-exec-3] com.atquil.jwt_oauth2.logClass.LogFile   : User manager@manager.com tried to LOGIN already exists!!!, 
2024-07-19T17:27:37.914+05:30  INFO 57536 --- [http-nio-8080-exec-3] com.atquil.jwt_oauth2.logClass.LogFile   : Login Status Failed
2024-07-19T17:27:37.917+05:30 DEBUG 57536 --- [http-nio-8080-exec-3] com.atquil.jwt_oauth2.logClass.LogFile   : user details :Optional[UserInfoEntity{id=1, username='Manager,Email_Idmanager@manager.com,Password$2a$10$hv4YDvwEOpJKrhT/.o0mZeTzlDGSh4GaZ1gUK82KRBmNvVWgx2lhy,RoleROLE_MANAGER'}]
2024-07-19T17:27:37.918+05:30  INFO 57536 --- [http-nio-8080-exec-3] c.a.j.controller.AuthController          : The user is already Logged-in
2024-07-19T17:46:16.271+05:30  WARN 57536 --- [HikariPool-1 housekeeper] com.zaxxer.hikari.pool.HikariPool        : HikariPool-1 - Thread starvation or clock leap detected (housekeeper delta=8m30s593ms856µs300ns).
